
Gurobi 9.5.0 (mac64[arm], C++) logging started Sun Jan 23 18:20:40 2022

Set parameter Username
Set parameter LogFile to value "gurobi/mip1.log"
Academic license - for non-commercial use only - expires 2022-03-22
Gurobi Optimizer version 9.5.0 build v9.5.0rc5 (mac64[arm])
Thread count: 8 physical cores, 8 logical processors, using up to 8 threads
Optimize a model with 72238 rows, 3660 columns and 216198 nonzeros
Model fingerprint: 0x6f7756fa
Variable types: 0 continuous, 3660 integer (3600 binary)
Coefficient statistics:
  Matrix range     [1e+00, 3e+01]
  Objective range  [1e+00, 1e+00]
  Bounds range     [1e+00, 1e+00]
  RHS range        [1e+00, 3e+01]
Found heuristic solution: objective 18040.000000
Presolve removed 15282 rows and 2088 columns
Presolve time: 0.16s
Presolved: 56956 rows, 1572 columns, 161892 nonzeros
Variable types: 0 continuous, 1572 integer (1572 binary)
Found heuristic solution: objective 17516.000000

Root relaxation: objective 1.440400e+04, 10655 iterations, 0.82 seconds (1.40 work units)

    Nodes    |    Current Node    |     Objective Bounds      |     Work
 Expl Unexpl |  Obj  Depth IntInf | Incumbent    BestBd   Gap | It/Node Time

     0     0 14404.0000    0 1261 17516.0000 14404.0000  17.8%     -    1s
H    0     0                    17009.000000 14404.0000  15.3%     -    1s
H    0     0                    16918.000000 14404.0000  14.9%     -    1s
H    0     0                    16840.000000 14404.0000  14.5%     -    1s
H    0     0                    16776.000000 14404.0000  14.1%     -    1s
H    0     0                    14780.000000 14457.0000  2.19%     -    1s
     0     0 14512.5000    0 1199 14780.0000 14512.5000  1.81%     -    1s
     0     0 14571.5000    0 1251 14780.0000 14571.5000  1.41%     -    2s
     0     0 14602.0000    0 1198 14780.0000 14602.0000  1.20%     -    3s
     0     0 14602.0000    0 1204 14780.0000 14602.0000  1.20%     -    3s
     0     0 14636.0000    0 1194 14780.0000 14636.0000  0.97%     -    4s
     0     0 14636.5000    0 1205 14780.0000 14636.5000  0.97%     -    4s
     0     0 14637.0000    0 1204 14780.0000 14637.0000  0.97%     -    4s
     0     0 14664.5000    0 1208 14780.0000 14664.5000  0.78%     -    5s
     0     0 14671.0000    0 1211 14780.0000 14671.0000  0.74%     -    5s
     0     0 14674.0000    0 1212 14780.0000 14674.0000  0.72%     -    5s
     0     0 14675.0000    0 1214 14780.0000 14675.0000  0.71%     -    5s
     0     0 14677.5000    0 1211 14780.0000 14677.5000  0.69%     -    5s
     0     0 14712.0000    0 1132 14780.0000 14712.0000  0.46%     -    6s
     0     0 14718.5000    0 1257 14780.0000 14718.5000  0.42%     -    7s
     0     0 14724.0000    0 1257 14780.0000 14724.0000  0.38%     -    7s
     0     0 14729.5000    0 1259 14780.0000 14729.5000  0.34%     -    7s
     0     0 14730.0000    0 1258 14780.0000 14730.0000  0.34%     -    7s
     0     0 14779.0000    0 1260 14780.0000 14779.0000  0.01%     -    9s

Cutting planes:
  Gomory: 4
  Zero half: 485

Explored 1 nodes (17860 simplex iterations) in 9.67 seconds (26.51 work units)
Thread count was 8 (of 8 available processors)

Solution count 7: 14780 16776 16840 ... 18040

Optimal solution found (tolerance 1.00e-04)
Best objective 1.478000000000e+04, best bound 1.477900000000e+04, gap 0.0068%

Gurobi 9.5.0 (mac64[arm], C++) logging started Sun Jan 23 18:25:41 2022

Set parameter Username
Set parameter LogFile to value "gurobi/mip1.log"
Academic license - for non-commercial use only - expires 2022-03-22
Gurobi Optimizer version 9.5.0 build v9.5.0rc5 (mac64[arm])
Thread count: 8 physical cores, 8 logical processors, using up to 8 threads
Optimize a model with 1368723 rows, 25760 columns and 4099283 nonzeros
Model fingerprint: 0x880aa6b9
Variable types: 0 continuous, 25760 integer (25600 binary)
Coefficient statistics:
  Matrix range     [1e+00, 8e+01]
  Objective range  [1e+00, 1e+00]
  Bounds range     [1e+00, 1e+00]
  RHS range        [1e+00, 8e+01]
Presolve removed 547597 rows and 16323 columns (presolve time = 5s) ...
Presolve removed 547597 rows and 16323 columns (presolve time = 13s) ...
Presolve removed 547597 rows and 16323 columns
Presolve time: 12.79s
Presolved: 821126 rows, 9437 columns, 2251386 nonzeros
Variable types: 0 continuous, 9437 integer (9437 binary)
Found heuristic solution: objective 396073.00000
Found heuristic solution: objective 382439.00000

Root simplex log...

Iteration    Objective       Primal Inf.    Dual Inf.      Time
       0    2.3750900e+05   0.000000e+00   1.146640e+05     15s
   85671    3.3244150e+05   0.000000e+00   0.000000e+00     19s
   85671    3.3244150e+05   0.000000e+00   0.000000e+00     19s

Root relaxation: objective 3.324415e+05, 85671 iterations, 4.90 seconds (8.12 work units)
Total elapsed time = 23.86s

    Nodes    |    Current Node    |     Objective Bounds      |     Work
 Expl Unexpl |  Obj  Depth IntInf | Incumbent    BestBd   Gap | It/Node Time

     0     0 332441.500    0 6473 382439.000 332441.500  13.1%     -   24s
H    0     0                    368831.00000 332441.500  9.87%     -   24s
H    0     0                    365035.00000 332441.500  8.93%     -   25s
H    0     0                    362070.00000 332441.500  8.18%     -   25s
     0     0 332461.500    0 6470 362070.000 332461.500  8.18%     -   39s
H    0     0                    361484.00000 332461.500  8.03%     -   39s
     0     0 332498.000    0 6467 361484.000 332498.000  8.02%     -   51s
H    0     0                    361394.00000 332498.000  8.00%     -   51s
     0     0 332524.000    0 6465 361394.000 332524.000  7.99%     -   61s
H    0     0                    361005.00000 332524.000  7.89%     -   62s
     0     0 332552.500    0 6464 361005.000 332552.500  7.88%     -   69s
H    0     0                    360869.00000 332552.500  7.85%     -   69s
H    0     0                    360266.00000 332552.500  7.69%     -   71s
     0     0 332879.500    0 6445 360266.000 332879.500  7.60%     -   92s
H    0     0                    360071.00000 332879.500  7.55%     -   92s
     0     0 332881.000    0 6443 360071.000 332881.000  7.55%     -   95s
     0     0 333289.500    0 6418 360071.000 333289.500  7.44%     -  141s
H    0     0                    359982.00000 333289.500  7.41%     -  141s
H    0     0                    359350.00000 333289.500  7.25%     -  142s
     0     0 333461.250    0 6419 359350.000 333461.250  7.20%     -  180s
H    0     0                    358826.00000 333461.250  7.07%     -  180s
     0     0 333465.250    0 6417 358826.000 333465.250  7.07%     -  183s
     0     0 333466.250    0 6417 358826.000 333466.250  7.07%     -  183s
     0     0 333515.000    0 6359 358826.000 333515.000  7.05%     -  206s
H    0     0                    358599.00000 333515.000  6.99%     -  206s
H    0     0                    357877.00000 333515.000  6.81%     -  207s
H    0     0                    357033.00000 333515.000  6.59%     -  207s
     0     0 333694.500    0 6341 357033.000 333694.500  6.54%     -  243s
H    0     0                    356813.00000 333694.500  6.48%     -  243s
     0     0 333860.500    0 6331 356813.000 333860.500  6.43%     -  279s
H    0     0                    356696.00000 333860.500  6.40%     -  279s
H    0     0                    355464.00000 333860.500  6.08%     -  280s
     0     0 333860.500    0 6329 355464.000 333860.500  6.08%     -  281s
     0     0 333886.000    0 6318 355464.000 333886.000  6.07%     -  301s
H    0     0                    355317.00000 333886.000  6.03%     -  301s
     0     0 333927.000    0 6263 355317.000 333927.000  6.02%     -  324s
H    0     0                    354633.00000 333927.000  5.84%     -  325s
     0     0 333934.000    0 6262 354633.000 333934.000  5.84%     -  330s
     0     0 333935.500    0 6259 354633.000 333935.500  5.84%     -  332s
     0     0 334315.000    0 6190 354633.000 334315.000  5.73%     -  387s
     0     0 334325.500    0 6146 354633.000 334325.500  5.73%     -  392s
     0     0 334326.500    0 6143 354633.000 334326.500  5.73%     -  394s
     0     0 334327.500    0 6178 354633.000 334327.500  5.73%     -  395s
     0     0 334327.625    0 6199 354633.000 334327.625  5.73%     -  396s
     0     0 334589.500    0 6144 354633.000 334589.500  5.65%     -  448s
H    0     0                    353630.00000 334589.500  5.38%     -  450s
     0     0 334589.500    0 6142 353630.000 334589.500  5.38%     -  450s
     0     0 334595.000    0 6128 353630.000 334595.000  5.38%     -  467s
H    0     0                    353553.00000 334595.000  5.36%     -  467s
     0     0 334897.125    0 6189 353553.000 334897.125  5.28%     -  532s
H    0     0                    353197.00000 334897.125  5.18%     -  534s
     0     0 334898.125    0 6186 353197.000 334898.125  5.18%     -  536s
     0     0 334898.250    0 6177 353197.000 334898.250  5.18%     -  537s
     0     0 334921.500    0 6296 353197.000 334921.500  5.17%     -  563s
     0     0 334924.750    0 6119 353197.000 334924.750  5.17%     -  567s
     0     0 335124.750    0 6145 353197.000 335124.750  5.12%     -  628s
H    0     0                    352904.00000 335124.750  5.04%     -  630s
     0     0 335128.125    0 6157 352904.000 335128.125  5.04%     -  633s
     0     0 335160.500    0 6069 352904.000 335160.500  5.03%     -  655s
     0     0 335160.500    0 6071 352904.000 335160.500  5.03%     -  657s
     0     0 335229.750    0 6069 352904.000 335229.750  5.01%     -  690s
H    0     0                    352223.00000 335229.750  4.82%     -  691s
     0     0 335232.500    0 6048 352223.000 335232.500  4.82%     -  694s
     0     0 335340.000    0 6291 352223.000 335340.000  4.79%     -  745s
H    0     0                    352173.00000 335340.000  4.78%     -  746s
     0     0 335353.625    0 6266 352173.000 335353.625  4.78%     -  756s
     0     0 335355.000    0 6344 352173.000 335355.000  4.78%     -  759s
     0     0 335356.000    0 6315 352173.000 335356.000  4.78%     -  761s
     0     0 335357.000    0 6356 352173.000 335357.000  4.77%     -  764s
     0     0 335357.750    0 6349 352173.000 335357.750  4.77%     -  766s
     0     0 335357.750    0 6354 352173.000 335357.750  4.77%     -  767s
     0     0 335442.500    0 6358 352173.000 335442.500  4.75%     -  818s
H    0     0                    351768.00000 335442.500  4.64%     -  820s
     0     0 335450.500    0 6368 351768.000 335450.500  4.64%     -  826s
     0     0 335452.188    0 6377 351768.000 335452.188  4.64%     -  833s
     0     0 335452.750    0 6373 351768.000 335452.750  4.64%     -  836s
     0     0 335452.875    0 6371 351768.000 335452.875  4.64%     -  837s
     0     0 335545.000    0 6336 351768.000 335545.000  4.61%     -  885s
H    0     0                    351691.00000 335545.000  4.59%     -  886s
     0     0 335563.250    0 6376 351691.000 335563.250  4.59%     -  897s
     0     0 335564.250    0 6347 351691.000 335564.250  4.59%     -  899s
     0     0 335564.500    0 6352 351691.000 335564.500  4.59%     -  900s
     0     0 335799.833    0 6334 351691.000 335799.833  4.52%     - 1006s
H    0     0                    351276.00000 335799.833  4.41%     - 1008s
     0     0 335809.375    0 6322 351276.000 335809.375  4.40%     - 1019s
     0     0 335812.164    0 6372 351276.000 335812.164  4.40%     - 1028s
     0     0 335812.250    0 6324 351276.000 335812.250  4.40%     - 1029s
     0     0 335952.750    0 6081 351276.000 335952.750  4.36%     - 1117s
     0     0 335973.426    0 6382 351276.000 335973.426  4.36%     - 1142s
     0     0 335981.032    0 6375 351276.000 335981.032  4.35%     - 1154s
     0     0 335982.115    0 6385 351276.000 335982.115  4.35%     - 1160s
     0     0 335982.475    0 6381 351276.000 335982.475  4.35%     - 1163s
     0     0 336239.210    0 6432 351276.000 336239.210  4.28%     - 1320s
H    0     0                    351031.00000 336239.210  4.21%     - 1322s
     0     0 336285.484    0 6447 351031.000 336285.484  4.20%     - 1358s
     0     0 336293.766    0 6430 351031.000 336293.766  4.20%     - 1374s
     0     0 336298.039    0 6451 351031.000 336298.039  4.20%     - 1383s
     0     0 336298.975    0 6451 351031.000 336298.975  4.20%     - 1386s
     0     0 336298.987    0 6447 351031.000 336298.987  4.20%     - 1387s
     0     0 336645.893    0 6446 351031.000 336645.893  4.10%     - 1639s
H    0     0                    350988.00000 336645.893  4.09%     - 1639s
     0     0 336695.168    0 6451 350988.000 336695.168  4.07%     - 1687s
     0     0 336699.933    0 6452 350988.000 336699.933  4.07%     - 1695s
     0     0 336701.106    0 6455 350988.000 336701.106  4.07%     - 1699s
     0     0 336701.174    0 6456 350988.000 336701.174  4.07%     - 1701s
     0     0 336937.806    0 6461 350988.000 336937.806  4.00%     - 1898s
H    0     0                    350681.00000 336937.806  3.92%     - 1900s
     0     0 336977.518    0 6467 350681.000 336977.518  3.91%     - 1945s
     0     0 336985.349    0 6465 350681.000 336985.349  3.91%     - 1958s
     0     0 336986.910    0 6462 350681.000 336986.910  3.90%     - 1965s
     0     0 336987.563    0 6466 350681.000 336987.563  3.90%     - 1969s
     0     0 336987.740    0 6464 350681.000 336987.740  3.90%     - 1972s
     0     0 337324.835    0 6468 350681.000 337324.835  3.81%     - 2304s
H    0     0                    350549.00000 337324.835  3.77%     - 2304s
H    0     0                    349081.00000 337324.835  3.37%     - 2306s
     0     0 337377.132    0 6479 349081.000 337377.132  3.35%     - 2372s
     0     0 337380.773    0 6475 349081.000 337380.773  3.35%     - 2382s
     0     0 337382.019    0 6473 349081.000 337382.019  3.35%     - 2388s
     0     0 337382.773    0 6478 349081.000 337382.773  3.35%     - 2392s
     0     0 337382.876    0 6475 349081.000 337382.876  3.35%     - 2394s
