
Gurobi 9.1.2 (mac64, C++) logging started Mon Oct  4 20:28:11 2021

Academic license - for non-commercial use only - expires 2022-09-29
Gurobi Optimizer version 9.1.2 build v9.1.2rc0 (mac64)
Thread count: 4 physical cores, 8 logical processors, using up to 8 threads
Optimize a model with 2 rows, 3 columns and 5 nonzeros
Model fingerprint: 0x98886187
Variable types: 0 continuous, 3 integer (3 binary)
Coefficient statistics:
  Matrix range     [1e+00, 3e+00]
  Objective range  [1e+00, 2e+00]
  Bounds range     [1e+00, 1e+00]
  RHS range        [1e+00, 4e+00]
Found heuristic solution: objective 2.0000000
Presolve removed 2 rows and 3 columns
Presolve time: 0.00s
Presolve: All rows and columns removed

Explored 0 nodes (0 simplex iterations) in 0.00 seconds
Thread count was 1 (of 8 available processors)

Solution count 2: 3 2 

Optimal solution found (tolerance 1.00e-04)
Best objective 3.000000000000e+00, best bound 3.000000000000e+00, gap 0.0000%

Gurobi 9.1.2 (mac64, C++) logging started Tue Oct  5 13:00:02 2021

Academic license - for non-commercial use only - expires 2022-09-29

Gurobi 9.1.2 (mac64, C++) logging started Tue Oct  5 13:02:50 2021

Academic license - for non-commercial use only - expires 2022-09-29
Gurobi Optimizer version 9.1.2 build v9.1.2rc0 (mac64)
Thread count: 4 physical cores, 8 logical processors, using up to 8 threads
Optimize a model with 31 rows, 3780 columns and 60 nonzeros
Model fingerprint: 0x4362c6cb
Variable types: 0 continuous, 3780 integer (3660 binary)
Coefficient statistics:
  Matrix range     [1e+00, 1e+00]
  Objective range  [1e+00, 1e+00]
  Bounds range     [1e+00, 1e+00]
  RHS range        [1e+00, 3e+01]
Found heuristic solution: objective 0.0000000

Explored 0 nodes (0 simplex iterations) in 0.00 seconds
Thread count was 1 (of 8 available processors)

Solution count 1: 0 

Optimal solution found (tolerance 1.00e-04)
Best objective 0.000000000000e+00, best bound 0.000000000000e+00, gap 0.0000%

Gurobi 9.1.2 (mac64, C++) logging started Tue Oct  5 13:03:11 2021

Academic license - for non-commercial use only - expires 2022-09-29
Gurobi Optimizer version 9.1.2 build v9.1.2rc0 (mac64)
Thread count: 4 physical cores, 8 logical processors, using up to 8 threads
Optimize a model with 427 rows, 3780 columns and 654 nonzeros
Model fingerprint: 0xa76a47eb
Variable types: 0 continuous, 3780 integer (3660 binary)
Coefficient statistics:
  Matrix range     [1e+00, 1e+05]
  Objective range  [1e+00, 1e+00]
  Bounds range     [1e+00, 1e+00]
  RHS range        [1e+00, 1e+05]
Found heuristic solution: objective 0.0000000

Explored 0 nodes (0 simplex iterations) in 0.00 seconds
Thread count was 1 (of 8 available processors)

Solution count 1: 0 

Optimal solution found (tolerance 1.00e-04)
Best objective 0.000000000000e+00, best bound 0.000000000000e+00, gap 0.0000%

Gurobi 9.1.2 (mac64, C++) logging started Tue Oct  5 13:03:29 2021

Academic license - for non-commercial use only - expires 2022-09-29
Gurobi Optimizer version 9.1.2 build v9.1.2rc0 (mac64)
Thread count: 4 physical cores, 8 logical processors, using up to 8 threads
Optimize a model with 4027 rows, 3780 columns and 7794 nonzeros
Model fingerprint: 0xee057aba
Variable types: 0 continuous, 3780 integer (3660 binary)
Coefficient statistics:
  Matrix range     [1e+00, 1e+05]
  Objective range  [1e+00, 1e+00]
  Bounds range     [1e+00, 1e+00]
  RHS range        [1e+00, 1e+05]
Presolve removed 198 rows and 150 columns
Presolve time: 0.00s

Explored 0 nodes (0 simplex iterations) in 0.00 seconds
Thread count was 1 (of 8 available processors)

Solution count 0

Model is infeasible
Best objective -, best bound -, gap -

Gurobi 9.1.2 (mac64, C++) logging started Tue Oct  5 13:04:13 2021

Academic license - for non-commercial use only - expires 2022-09-29
Gurobi Optimizer version 9.1.2 build v9.1.2rc0 (mac64)
Thread count: 4 physical cores, 8 logical processors, using up to 8 threads
Optimize a model with 31 rows, 3780 columns and 60 nonzeros
Model fingerprint: 0x4362c6cb
Variable types: 0 continuous, 3780 integer (3660 binary)
Coefficient statistics:
  Matrix range     [1e+00, 1e+00]
  Objective range  [1e+00, 1e+00]
  Bounds range     [1e+00, 1e+00]
  RHS range        [1e+00, 3e+01]
Found heuristic solution: objective 0.0000000

Explored 0 nodes (0 simplex iterations) in 0.00 seconds
Thread count was 1 (of 8 available processors)

Solution count 1: 0 

Optimal solution found (tolerance 1.00e-04)
Best objective 0.000000000000e+00, best bound 0.000000000000e+00, gap 0.0000%

Gurobi 9.1.2 (mac64, C++) logging started Tue Oct  5 13:10:41 2021

Academic license - for non-commercial use only - expires 2022-09-29
Gurobi Optimizer version 9.1.2 build v9.1.2rc0 (mac64)
Thread count: 4 physical cores, 8 logical processors, using up to 8 threads
Optimize a model with 229 rows, 3780 columns and 456 nonzeros
Model fingerprint: 0xff43a335
Variable types: 0 continuous, 3780 integer (3660 binary)
Coefficient statistics:
  Matrix range     [1e+00, 1e+05]
  Objective range  [1e+00, 1e+00]
  Bounds range     [1e+00, 1e+00]
  RHS range        [1e+00, 1e+05]
Found heuristic solution: objective 0.0000000

Explored 0 nodes (0 simplex iterations) in 0.00 seconds
Thread count was 1 (of 8 available processors)

Solution count 1: 0 

Optimal solution found (tolerance 1.00e-04)
Best objective 0.000000000000e+00, best bound 0.000000000000e+00, gap 0.0000%

Gurobi 9.1.2 (mac64, C++) logging started Tue Oct  5 13:10:53 2021

Academic license - for non-commercial use only - expires 2022-09-29
Gurobi Optimizer version 9.1.2 build v9.1.2rc0 (mac64)
Thread count: 4 physical cores, 8 logical processors, using up to 8 threads
Optimize a model with 427 rows, 3780 columns and 654 nonzeros
Model fingerprint: 0xa76a47eb
Variable types: 0 continuous, 3780 integer (3660 binary)
Coefficient statistics:
  Matrix range     [1e+00, 1e+05]
  Objective range  [1e+00, 1e+00]
  Bounds range     [1e+00, 1e+00]
  RHS range        [1e+00, 1e+05]
Found heuristic solution: objective 0.0000000

Explored 0 nodes (0 simplex iterations) in 0.00 seconds
Thread count was 1 (of 8 available processors)

Solution count 1: 0 

Optimal solution found (tolerance 1.00e-04)
Best objective 0.000000000000e+00, best bound 0.000000000000e+00, gap 0.0000%

Gurobi 9.1.2 (mac64, C++) logging started Tue Oct  5 13:11:29 2021

Academic license - for non-commercial use only - expires 2022-09-29
Gurobi Optimizer version 9.1.2 build v9.1.2rc0 (mac64)
Thread count: 4 physical cores, 8 logical processors, using up to 8 threads
Optimize a model with 4027 rows, 3780 columns and 7794 nonzeros
Model fingerprint: 0xee057aba
Variable types: 0 continuous, 3780 integer (3660 binary)
Coefficient statistics:
  Matrix range     [1e+00, 1e+05]
  Objective range  [1e+00, 1e+00]
  Bounds range     [1e+00, 1e+00]
  RHS range        [1e+00, 1e+05]
Presolve removed 198 rows and 150 columns
Presolve time: 0.00s

Explored 0 nodes (0 simplex iterations) in 0.00 seconds
Thread count was 1 (of 8 available processors)

Solution count 0

Model is infeasible
Best objective -, best bound -, gap -

Gurobi 9.1.2 (mac64, C++) logging started Tue Oct  5 13:12:05 2021

Academic license - for non-commercial use only - expires 2022-09-29
Gurobi Optimizer version 9.1.2 build v9.1.2rc0 (mac64)
Thread count: 4 physical cores, 8 logical processors, using up to 8 threads
Optimize a model with 2197 rows, 3780 columns and 4194 nonzeros
Model fingerprint: 0x6ecb8438
Variable types: 0 continuous, 3780 integer (3660 binary)
Coefficient statistics:
  Matrix range     [1e+00, 1e+05]
  Objective range  [1e+00, 1e+00]
  Bounds range     [1e+00, 1e+00]
  RHS range        [1e+00, 1e+05]
Found heuristic solution: objective 0.0000000

Explored 0 nodes (0 simplex iterations) in 0.00 seconds
Thread count was 1 (of 8 available processors)

Solution count 1: 0 

Optimal solution found (tolerance 1.00e-04)
Best objective 0.000000000000e+00, best bound 0.000000000000e+00, gap 0.0000%

Gurobi 9.1.2 (mac64, C++) logging started Tue Oct  5 13:12:29 2021

Academic license - for non-commercial use only - expires 2022-09-29

Gurobi 9.1.2 (mac64, C++) logging started Tue Oct  5 13:14:03 2021

Academic license - for non-commercial use only - expires 2022-09-29
Gurobi Optimizer version 9.1.2 build v9.1.2rc0 (mac64)
Thread count: 4 physical cores, 8 logical processors, using up to 8 threads
Optimize a model with 2257 rows, 3780 columns and 4254 nonzeros
Model fingerprint: 0x0ec63508
Model has 60 quadratic constraints
Variable types: 0 continuous, 3780 integer (3660 binary)
Coefficient statistics:
  Matrix range     [1e+00, 1e+05]
  QMatrix range    [1e+00, 1e+00]
  QLMatrix range   [1e+00, 3e+01]
  Objective range  [1e+00, 1e+00]
  Bounds range     [1e+00, 1e+00]
  RHS range        [1e+00, 1e+05]
Presolve removed 2257 rows and 3780 columns
Presolve time: 0.01s
Presolve: All rows and columns removed

Explored 0 nodes (0 simplex iterations) in 0.01 seconds
Thread count was 1 (of 8 available processors)

Solution count 1: 447 

Optimal solution found (tolerance 1.00e-04)
Best objective 4.470000000000e+02, best bound 4.470000000000e+02, gap 0.0000%

Gurobi 9.1.2 (mac64, C++) logging started Tue Oct  5 13:14:27 2021

Academic license - for non-commercial use only - expires 2022-09-29
Gurobi Optimizer version 9.1.2 build v9.1.2rc0 (mac64)
Thread count: 4 physical cores, 8 logical processors, using up to 8 threads
Optimize a model with 5797 rows, 3780 columns and 21954 nonzeros
Model fingerprint: 0xf6bb6c85
Model has 60 quadratic constraints
Variable types: 0 continuous, 3780 integer (3660 binary)
Coefficient statistics:
  Matrix range     [1e+00, 1e+05]
  QMatrix range    [1e+00, 1e+00]
  QLMatrix range   [1e+00, 3e+01]
  Objective range  [1e+00, 1e+00]
  Bounds range     [1e+00, 1e+00]
  RHS range        [1e+00, 3e+05]
Presolve removed 2257 rows and 2148 columns
Presolve time: 0.03s
Presolved: 3540 rows, 1632 columns, 10224 nonzeros
Variable types: 0 continuous, 1632 integer (1572 binary)
Found heuristic solution: objective 19148.000000

Root relaxation: objective 1.203000e+03, 945 iterations, 0.01 seconds

    Nodes    |    Current Node    |     Objective Bounds      |     Work
 Expl Unexpl |  Obj  Depth IntInf | Incumbent    BestBd   Gap | It/Node Time

     0     0 1314.00000    0  814 19148.0000 1314.00000  93.1%     -    0s
H    0     0                    19116.000000 1314.00000  93.1%     -    0s
     0     0 1383.00000    0  879 19116.0000 1383.00000  92.8%     -    0s
H    0     0                    18607.000000 1383.00000  92.6%     -    0s
H    0     0                    18593.000000 1383.00000  92.6%     -    0s
     0     0 1428.00000    0  834 18593.0000 1428.00000  92.3%     -    0s
     0     0 1433.00000    0  842 18593.0000 1433.00000  92.3%     -    1s
H    0     0                    18589.000000 1451.00000  92.2%     -    1s
     0     0 1648.31806    0  895 18589.0000 1648.31806  91.1%     -    1s
H    0     0                    18584.000000 1648.31806  91.1%     -    1s
     0     0 1659.62251    0  889 18584.0000 1659.62251  91.1%     -    1s
     0     0 1668.55019    0  851 18584.0000 1668.55019  91.0%     -    1s
     0     0 1668.94792    0  870 18584.0000 1668.94792  91.0%     -    1s
     0     0 1669.02075    0  874 18584.0000 1669.02075  91.0%     -    1s
     0     0 1709.15211    0  855 18584.0000 1709.15211  90.8%     -    1s
     0     0 1726.77267    0  836 18584.0000 1726.77267  90.7%     -    1s
     0     0 1726.77267    0  843 18584.0000 1726.77267  90.7%     -    1s
     0     0 1726.77267    0  848 18584.0000 1726.77267  90.7%     -    1s
     0     0 1726.77267    0  843 18584.0000 1726.77267  90.7%     -    1s
     0     0 1747.32600    0  806 18584.0000 1747.32600  90.6%     -    1s
     0     0 1752.85802    0  845 18584.0000 1752.85802  90.6%     -    1s
     0     0 1753.29277    0  852 18584.0000 1753.29277  90.6%     -    1s
     0     0 1753.88828    0  862 18584.0000 1753.88828  90.6%     -    1s
     0     0 1754.18220    0  839 18584.0000 1754.18220  90.6%     -    1s
     0     0 1754.34538    0  852 18584.0000 1754.34538  90.6%     -    1s
     0     0 1754.35599    0  870 18584.0000 1754.35599  90.6%     -    1s
     0     0 1760.57915    0  877 18584.0000 1760.57915  90.5%     -    1s
     0     0 1761.63479    0  879 18584.0000 1761.63479  90.5%     -    1s
     0     0 1762.00175    0  875 18584.0000 1762.00175  90.5%     -    1s
     0     0 1762.25339    0  869 18584.0000 1762.25339  90.5%     -    1s
     0     0 1762.37098    0  873 18584.0000 1762.37098  90.5%     -    1s
     0     0 1771.43645    0  839 18584.0000 1771.43645  90.5%     -    2s
     0     0 1772.57822    0  873 18584.0000 1772.57822  90.5%     -    2s
     0     0 1774.42623    0  853 18584.0000 1774.42623  90.5%     -    2s
     0     0 1774.44887    0  853 18584.0000 1774.44887  90.5%     -    2s
     0     0 1777.05465    0  862 18584.0000 1777.05465  90.4%     -    2s
     0     0 1778.84727    0  869 18584.0000 1778.84727  90.4%     -    2s
     0     0 1779.26652    0  868 18584.0000 1779.26652  90.4%     -    2s
     0     0 1779.43641    0  870 18584.0000 1779.43641  90.4%     -    2s
     0     0 1782.53135    0  880 18584.0000 1782.53135  90.4%     -    2s
     0     0 1784.99977    0  877 18584.0000 1784.99977  90.4%     -    2s
     0     0 1785.82589    0  852 18584.0000 1785.82589  90.4%     -    2s
     0     0 1786.11841    0  884 18584.0000 1786.11841  90.4%     -    2s
     0     0 1786.32975    0  876 18584.0000 1786.32975  90.4%     -    2s
     0     0 1788.40613    0  856 18584.0000 1788.40613  90.4%     -    2s
     0     0 1789.06628    0  862 18584.0000 1789.06628  90.4%     -    2s
     0     0 1789.14111    0  838 18584.0000 1789.14111  90.4%     -    2s
     0     0 1791.05715    0  835 18584.0000 1791.05715  90.4%     -    2s
     0     0 1792.31934    0  842 18584.0000 1792.31934  90.4%     -    2s
     0     0 1792.50865    0  873 18584.0000 1792.50865  90.4%     -    2s
     0     0 1793.17667    0  841 18584.0000 1793.17667  90.4%     -    2s
     0     0 1793.17667    0  703 18584.0000 1793.17667  90.4%     -    2s
     0     2 1793.17667    0  696 18584.0000 1793.17667  90.4%     -    3s
H   62    68                    18565.000000 2016.74575  89.1%   274    3s

Gurobi 9.1.2 (mac64, C++) logging started Tue Oct  5 13:47:19 2021

Academic license - for non-commercial use only - expires 2022-09-29
Gurobi Optimizer version 9.1.2 build v9.1.2rc0 (mac64)
Thread count: 4 physical cores, 8 logical processors, using up to 8 threads
Optimize a model with 5797 rows, 3780 columns and 21954 nonzeros
Model fingerprint: 0xf6bb6c85
Model has 60 quadratic constraints
Variable types: 0 continuous, 3780 integer (3660 binary)
Coefficient statistics:
  Matrix range     [1e+00, 1e+05]
  QMatrix range    [1e+00, 1e+00]
  QLMatrix range   [1e+00, 3e+01]
  Objective range  [1e+00, 1e+00]
  Bounds range     [1e+00, 1e+00]
  RHS range        [1e+00, 3e+05]
Presolve removed 2257 rows and 2148 columns
Presolve time: 0.04s
Presolved: 3540 rows, 1632 columns, 10224 nonzeros
Variable types: 0 continuous, 1632 integer (1572 binary)
Found heuristic solution: objective 19148.000000

Root relaxation: objective 1.203000e+03, 945 iterations, 0.00 seconds

    Nodes    |    Current Node    |     Objective Bounds      |     Work
 Expl Unexpl |  Obj  Depth IntInf | Incumbent    BestBd   Gap | It/Node Time

     0     0 1314.00000    0  814 19148.0000 1314.00000  93.1%     -    0s
H    0     0                    19116.000000 1314.00000  93.1%     -    0s
     0     0 1383.00000    0  879 19116.0000 1383.00000  92.8%     -    0s
H    0     0                    18607.000000 1383.00000  92.6%     -    0s
H    0     0                    18593.000000 1383.00000  92.6%     -    0s
     0     0 1428.00000    0  834 18593.0000 1428.00000  92.3%     -    0s
     0     0 1433.00000    0  842 18593.0000 1433.00000  92.3%     -    0s
H    0     0                    18589.000000 1451.00000  92.2%     -    1s
     0     0 1648.31806    0  895 18589.0000 1648.31806  91.1%     -    1s
H    0     0                    18584.000000 1648.31806  91.1%     -    1s
     0     0 1659.62251    0  889 18584.0000 1659.62251  91.1%     -    1s
     0     0 1668.55019    0  851 18584.0000 1668.55019  91.0%     -    1s
     0     0 1668.94792    0  870 18584.0000 1668.94792  91.0%     -    1s
     0     0 1669.02075    0  874 18584.0000 1669.02075  91.0%     -    1s
     0     0 1709.15211    0  855 18584.0000 1709.15211  90.8%     -    1s
     0     0 1726.77267    0  836 18584.0000 1726.77267  90.7%     -    1s
     0     0 1726.77267    0  843 18584.0000 1726.77267  90.7%     -    1s
     0     0 1726.77267    0  848 18584.0000 1726.77267  90.7%     -    1s
     0     0 1726.77267    0  843 18584.0000 1726.77267  90.7%     -    1s
     0     0 1747.32600    0  806 18584.0000 1747.32600  90.6%     -    1s
     0     0 1752.85802    0  845 18584.0000 1752.85802  90.6%     -    1s
     0     0 1753.29277    0  852 18584.0000 1753.29277  90.6%     -    1s
     0     0 1753.88828    0  862 18584.0000 1753.88828  90.6%     -    1s
     0     0 1754.18220    0  839 18584.0000 1754.18220  90.6%     -    1s
     0     0 1754.34538    0  852 18584.0000 1754.34538  90.6%     -    1s
     0     0 1754.35599    0  870 18584.0000 1754.35599  90.6%     -    1s
     0     0 1760.57915    0  877 18584.0000 1760.57915  90.5%     -    1s
     0     0 1761.63479    0  879 18584.0000 1761.63479  90.5%     -    1s
     0     0 1762.00175    0  875 18584.0000 1762.00175  90.5%     -    1s
     0     0 1762.25339    0  869 18584.0000 1762.25339  90.5%     -    1s
     0     0 1762.37098    0  873 18584.0000 1762.37098  90.5%     -    1s
     0     0 1771.43645    0  839 18584.0000 1771.43645  90.5%     -    1s
     0     0 1772.57822    0  873 18584.0000 1772.57822  90.5%     -    1s
     0     0 1774.42623    0  853 18584.0000 1774.42623  90.5%     -    1s
     0     0 1774.44887    0  853 18584.0000 1774.44887  90.5%     -    1s
     0     0 1777.05465    0  862 18584.0000 1777.05465  90.4%     -    1s
     0     0 1778.84727    0  869 18584.0000 1778.84727  90.4%     -    1s
     0     0 1779.26652    0  868 18584.0000 1779.26652  90.4%     -    1s
     0     0 1779.43641    0  870 18584.0000 1779.43641  90.4%     -    1s
     0     0 1782.53135    0  880 18584.0000 1782.53135  90.4%     -    2s
     0     0 1784.99977    0  877 18584.0000 1784.99977  90.4%     -    2s
     0     0 1785.82589    0  852 18584.0000 1785.82589  90.4%     -    2s
     0     0 1786.11841    0  884 18584.0000 1786.11841  90.4%     -    2s
     0     0 1786.32975    0  876 18584.0000 1786.32975  90.4%     -    2s
     0     0 1788.40613    0  856 18584.0000 1788.40613  90.4%     -    2s
     0     0 1789.06628    0  862 18584.0000 1789.06628  90.4%     -    2s
     0     0 1789.14111    0  838 18584.0000 1789.14111  90.4%     -    2s
     0     0 1791.05715    0  835 18584.0000 1791.05715  90.4%     -    2s
     0     0 1792.31934    0  842 18584.0000 1792.31934  90.4%     -    2s
     0     0 1792.50865    0  873 18584.0000 1792.50865  90.4%     -    2s
     0     0 1793.17667    0  841 18584.0000 1793.17667  90.4%     -    2s
     0     0 1793.17667    0  703 18584.0000 1793.17667  90.4%     -    2s
     0     2 1793.17667    0  696 18584.0000 1793.17667  90.4%     -    2s

Gurobi 9.1.2 (mac64, C++) logging started Tue Oct  5 13:48:18 2021

Academic license - for non-commercial use only - expires 2022-09-29
Gurobi Optimizer version 9.1.2 build v9.1.2rc0 (mac64)
Thread count: 4 physical cores, 8 logical processors, using up to 8 threads
Optimize a model with 5797 rows, 3780 columns and 21954 nonzeros
Model fingerprint: 0xf6bb6c85
Model has 60 quadratic constraints
Variable types: 0 continuous, 3780 integer (3660 binary)
Coefficient statistics:
  Matrix range     [1e+00, 1e+05]
  QMatrix range    [1e+00, 1e+00]
  QLMatrix range   [1e+00, 3e+01]
  Objective range  [1e+00, 1e+00]
  Bounds range     [1e+00, 1e+00]
  RHS range        [1e+00, 3e+05]
Presolve removed 2257 rows and 2148 columns
Presolve time: 0.04s
Presolved: 3540 rows, 1632 columns, 10224 nonzeros
Variable types: 0 continuous, 1632 integer (1572 binary)
Found heuristic solution: objective 19148.000000

Root relaxation: objective 1.203000e+03, 945 iterations, 0.01 seconds

    Nodes    |    Current Node    |     Objective Bounds      |     Work
 Expl Unexpl |  Obj  Depth IntInf | Incumbent    BestBd   Gap | It/Node Time

     0     0 1314.00000    0  814 19148.0000 1314.00000  93.1%     -    0s
H    0     0                    19116.000000 1314.00000  93.1%     -    0s
     0     0 1383.00000    0  879 19116.0000 1383.00000  92.8%     -    0s
H    0     0                    18607.000000 1383.00000  92.6%     -    0s
H    0     0                    18593.000000 1383.00000  92.6%     -    0s
     0     0 1428.00000    0  834 18593.0000 1428.00000  92.3%     -    0s
     0     0 1433.00000    0  842 18593.0000 1433.00000  92.3%     -    0s
H    0     0                    18589.000000 1451.00000  92.2%     -    1s
     0     0 1648.31806    0  895 18589.0000 1648.31806  91.1%     -    1s
H    0     0                    18584.000000 1648.31806  91.1%     -    1s
     0     0 1659.62251    0  889 18584.0000 1659.62251  91.1%     -    1s
     0     0 1668.55019    0  851 18584.0000 1668.55019  91.0%     -    1s
     0     0 1668.94792    0  870 18584.0000 1668.94792  91.0%     -    1s
     0     0 1669.02075    0  874 18584.0000 1669.02075  91.0%     -    1s
     0     0 1709.15211    0  855 18584.0000 1709.15211  90.8%     -    1s
     0     0 1726.77267    0  836 18584.0000 1726.77267  90.7%     -    1s
     0     0 1726.77267    0  843 18584.0000 1726.77267  90.7%     -    1s
     0     0 1726.77267    0  848 18584.0000 1726.77267  90.7%     -    1s
     0     0 1726.77267    0  843 18584.0000 1726.77267  90.7%     -    1s
     0     0 1747.32600    0  806 18584.0000 1747.32600  90.6%     -    1s
     0     0 1752.85802    0  845 18584.0000 1752.85802  90.6%     -    1s
     0     0 1753.29277    0  852 18584.0000 1753.29277  90.6%     -    1s
     0     0 1753.88828    0  862 18584.0000 1753.88828  90.6%     -    1s
     0     0 1754.18220    0  839 18584.0000 1754.18220  90.6%     -    1s
     0     0 1754.34538    0  852 18584.0000 1754.34538  90.6%     -    1s
     0     0 1754.35599    0  870 18584.0000 1754.35599  90.6%     -    1s
     0     0 1760.57915    0  877 18584.0000 1760.57915  90.5%     -    1s
     0     0 1761.63479    0  879 18584.0000 1761.63479  90.5%     -    1s
     0     0 1762.00175    0  875 18584.0000 1762.00175  90.5%     -    1s
     0     0 1762.25339    0  869 18584.0000 1762.25339  90.5%     -    1s
     0     0 1762.37098    0  873 18584.0000 1762.37098  90.5%     -    1s
     0     0 1771.43645    0  839 18584.0000 1771.43645  90.5%     -    1s
     0     0 1772.57822    0  873 18584.0000 1772.57822  90.5%     -    1s
     0     0 1774.42623    0  853 18584.0000 1774.42623  90.5%     -    1s
     0     0 1774.44887    0  853 18584.0000 1774.44887  90.5%     -    1s
     0     0 1777.05465    0  862 18584.0000 1777.05465  90.4%     -    1s
     0     0 1778.84727    0  869 18584.0000 1778.84727  90.4%     -    1s
     0     0 1779.26652    0  868 18584.0000 1779.26652  90.4%     -    1s
     0     0 1779.43641    0  870 18584.0000 1779.43641  90.4%     -    1s
     0     0 1782.53135    0  880 18584.0000 1782.53135  90.4%     -    2s
     0     0 1784.99977    0  877 18584.0000 1784.99977  90.4%     -    2s
     0     0 1785.82589    0  852 18584.0000 1785.82589  90.4%     -    2s
     0     0 1786.11841    0  884 18584.0000 1786.11841  90.4%     -    2s
     0     0 1786.32975    0  876 18584.0000 1786.32975  90.4%     -    2s
     0     0 1788.40613    0  856 18584.0000 1788.40613  90.4%     -    2s
     0     0 1789.06628    0  862 18584.0000 1789.06628  90.4%     -    2s
     0     0 1789.14111    0  838 18584.0000 1789.14111  90.4%     -    2s
     0     0 1791.05715    0  835 18584.0000 1791.05715  90.4%     -    2s
     0     0 1792.31934    0  842 18584.0000 1792.31934  90.4%     -    2s
     0     0 1792.50865    0  873 18584.0000 1792.50865  90.4%     -    2s
     0     0 1793.17667    0  841 18584.0000 1793.17667  90.4%     -    2s
     0     0 1793.17667    0  703 18584.0000 1793.17667  90.4%     -    2s
     0     2 1793.17667    0  696 18584.0000 1793.17667  90.4%     -    2s
H   62    68                    18565.000000 2016.74575  89.1%   274    3s
H  394   399                    18555.000000 2016.74575  89.1%  73.4    3s
H  397   399                    18525.000000 2016.74575  89.1%  73.2    3s
* 2242  2260             411    18099.000000 2016.74575  88.9%  19.8    4s
  2997  2944 2529.00000   33  703 18099.0000 2035.62114  88.8%  20.9    5s
  3024  2962 3222.00000   50  680 18099.0000 2122.78477  88.3%  20.7   10s

Gurobi 9.1.2 (mac64, C++) logging started Tue Oct  5 13:50:22 2021

Academic license - for non-commercial use only - expires 2022-09-29
Gurobi Optimizer version 9.1.2 build v9.1.2rc0 (mac64)
Thread count: 4 physical cores, 8 logical processors, using up to 8 threads
Optimize a model with 5797 rows, 3780 columns and 21954 nonzeros
Model fingerprint: 0xf6bb6c85
Model has 60 quadratic constraints
Variable types: 0 continuous, 3780 integer (3660 binary)
Coefficient statistics:
  Matrix range     [1e+00, 1e+05]
  QMatrix range    [1e+00, 1e+00]
  QLMatrix range   [1e+00, 3e+01]
  Objective range  [1e+00, 1e+00]
  Bounds range     [1e+00, 1e+00]
  RHS range        [1e+00, 3e+05]
Presolve removed 2257 rows and 2148 columns
Presolve time: 0.03s
Presolved: 3540 rows, 1632 columns, 10224 nonzeros
Variable types: 0 continuous, 1632 integer (1572 binary)
Found heuristic solution: objective 19148.000000

Root relaxation: objective 1.203000e+03, 945 iterations, 0.01 seconds

    Nodes    |    Current Node    |     Objective Bounds      |     Work
 Expl Unexpl |  Obj  Depth IntInf | Incumbent    BestBd   Gap | It/Node Time

     0     0 1314.00000    0  814 19148.0000 1314.00000  93.1%     -    0s
H    0     0                    19116.000000 1314.00000  93.1%     -    0s
     0     0 1383.00000    0  879 19116.0000 1383.00000  92.8%     -    0s
H    0     0                    18607.000000 1383.00000  92.6%     -    0s
H    0     0                    18593.000000 1383.00000  92.6%     -    0s
     0     0 1428.00000    0  834 18593.0000 1428.00000  92.3%     -    0s
     0     0 1433.00000    0  842 18593.0000 1433.00000  92.3%     -    0s
H    0     0                    18589.000000 1451.00000  92.2%     -    1s
     0     0 1648.31806    0  895 18589.0000 1648.31806  91.1%     -    1s
H    0     0                    18584.000000 1648.31806  91.1%     -    1s
     0     0 1659.62251    0  889 18584.0000 1659.62251  91.1%     -    1s
     0     0 1668.55019    0  851 18584.0000 1668.55019  91.0%     -    1s
     0     0 1668.94792    0  870 18584.0000 1668.94792  91.0%     -    1s
     0     0 1669.02075    0  874 18584.0000 1669.02075  91.0%     -    1s
     0     0 1709.15211    0  855 18584.0000 1709.15211  90.8%     -    1s
     0     0 1726.77267    0  836 18584.0000 1726.77267  90.7%     -    1s
     0     0 1726.77267    0  843 18584.0000 1726.77267  90.7%     -    1s
     0     0 1726.77267    0  848 18584.0000 1726.77267  90.7%     -    1s
     0     0 1726.77267    0  843 18584.0000 1726.77267  90.7%     -    1s
     0     0 1747.32600    0  806 18584.0000 1747.32600  90.6%     -    1s
     0     0 1752.85802    0  845 18584.0000 1752.85802  90.6%     -    1s
     0     0 1753.29277    0  852 18584.0000 1753.29277  90.6%     -    1s
     0     0 1753.88828    0  862 18584.0000 1753.88828  90.6%     -    1s
     0     0 1754.18220    0  839 18584.0000 1754.18220  90.6%     -    1s
     0     0 1754.34538    0  852 18584.0000 1754.34538  90.6%     -    1s
     0     0 1754.35599    0  870 18584.0000 1754.35599  90.6%     -    1s
     0     0 1760.57915    0  877 18584.0000 1760.57915  90.5%     -    1s
     0     0 1761.63479    0  879 18584.0000 1761.63479  90.5%     -    1s
     0     0 1762.00175    0  875 18584.0000 1762.00175  90.5%     -    1s
     0     0 1762.25339    0  869 18584.0000 1762.25339  90.5%     -    1s
     0     0 1762.37098    0  873 18584.0000 1762.37098  90.5%     -    1s
     0     0 1771.43645    0  839 18584.0000 1771.43645  90.5%     -    1s
     0     0 1772.57822    0  873 18584.0000 1772.57822  90.5%     -    1s
     0     0 1774.42623    0  853 18584.0000 1774.42623  90.5%     -    1s
     0     0 1774.44887    0  853 18584.0000 1774.44887  90.5%     -    1s
     0     0 1777.05465    0  862 18584.0000 1777.05465  90.4%     -    1s
     0     0 1778.84727    0  869 18584.0000 1778.84727  90.4%     -    1s
     0     0 1779.26652    0  868 18584.0000 1779.26652  90.4%     -    1s
     0     0 1779.43641    0  870 18584.0000 1779.43641  90.4%     -    1s
     0     0 1782.53135    0  880 18584.0000 1782.53135  90.4%     -    2s
     0     0 1784.99977    0  877 18584.0000 1784.99977  90.4%     -    2s
     0     0 1785.82589    0  852 18584.0000 1785.82589  90.4%     -    2s
     0     0 1786.11841    0  884 18584.0000 1786.11841  90.4%     -    2s
     0     0 1786.32975    0  876 18584.0000 1786.32975  90.4%     -    2s
     0     0 1788.40613    0  856 18584.0000 1788.40613  90.4%     -    2s
     0     0 1789.06628    0  862 18584.0000 1789.06628  90.4%     -    2s
     0     0 1789.14111    0  838 18584.0000 1789.14111  90.4%     -    2s
     0     0 1791.05715    0  835 18584.0000 1791.05715  90.4%     -    2s
     0     0 1792.31934    0  842 18584.0000 1792.31934  90.4%     -    2s
     0     0 1792.50865    0  873 18584.0000 1792.50865  90.4%     -    2s
     0     0 1793.17667    0  841 18584.0000 1793.17667  90.4%     -    2s
     0     0 1793.17667    0  703 18584.0000 1793.17667  90.4%     -    2s
     0     2 1793.17667    0  696 18584.0000 1793.17667  90.4%     -    2s
H   62    68                    18565.000000 2016.74575  89.1%   274    3s
H  394   399                    18555.000000 2016.74575  89.1%  73.4    3s
H  397   399                    18525.000000 2016.74575  89.1%  73.2    3s
* 2242  2260             411    18099.000000 2016.74575  88.9%  19.8    4s
  2997  2944 2529.00000   33  703 18099.0000 2035.62114  88.8%  20.9    5s
  3023  2961 2766.00000    9  772 18099.0000 2115.79652  88.3%  20.7   10s
H 3034  2819                    17977.000000 2158.40313  88.0%  20.6   13s
H 3034  2678                    17915.000000 2170.14819  87.9%  20.6   13s
  3035  2678 5640.00000  150  655 17915.0000 2170.14819  87.9%  20.6   15s
H 3035  2543                    17854.000000 2170.14819  87.8%  20.6   15s
H 3035  2415                    17029.000000 2170.14819  87.3%  20.6   15s

Gurobi 9.1.2 (mac64, C++) logging started Tue Oct  5 13:51:28 2021

Academic license - for non-commercial use only - expires 2022-09-29
Gurobi Optimizer version 9.1.2 build v9.1.2rc0 (mac64)
Thread count: 4 physical cores, 8 logical processors, using up to 8 threads
Optimize a model with 5599 rows, 3780 columns and 21756 nonzeros
Model fingerprint: 0x809fc5ee
Model has 60 quadratic constraints
Variable types: 0 continuous, 3780 integer (3660 binary)
Coefficient statistics:
  Matrix range     [1e+00, 1e+05]
  QMatrix range    [1e+00, 1e+00]
  QLMatrix range   [1e+00, 3e+01]
  Objective range  [1e+00, 1e+00]
  Bounds range     [1e+00, 1e+00]
  RHS range        [1e+00, 3e+05]
Presolve removed 2059 rows and 1950 columns
Presolve time: 0.03s
Presolved: 3540 rows, 1830 columns, 10620 nonzeros
Variable types: 0 continuous, 1830 integer (1770 binary)
Found heuristic solution: objective 19148.000000

Root relaxation: objective 4.470000e+02, 1748 iterations, 0.01 seconds

    Nodes    |    Current Node    |     Objective Bounds      |     Work
 Expl Unexpl |  Obj  Depth IntInf | Incumbent    BestBd   Gap | It/Node Time

     0     0  447.00000    0  435 19148.0000  447.00000  97.7%     -    0s
H    0     0                    7309.0000000  447.00000  93.9%     -    0s
     0     0  470.11243    0  474 7309.00000  470.11243  93.6%     -    0s
     0     0  658.45297    0  335 7309.00000  658.45297  91.0%     -    0s
     0     0  659.51885    0  325 7309.00000  659.51885  91.0%     -    0s
     0     0  660.23684    0  324 7309.00000  660.23684  91.0%     -    0s
     0     0  660.95914    0  322 7309.00000  660.95914  91.0%     -    0s
     0     0  661.04130    0  321 7309.00000  661.04130  91.0%     -    0s
     0     0  721.48338    0  357 7309.00000  721.48338  90.1%     -    0s
     0     0  726.02528    0  359 7309.00000  726.02528  90.1%     -    0s
     0     0  728.52562    0  353 7309.00000  728.52562  90.0%     -    0s
     0     0  729.39624    0  333 7309.00000  729.39624  90.0%     -    0s
     0     0  729.43230    0  335 7309.00000  729.43230  90.0%     -    0s
     0     0  752.63705    0  368 7309.00000  752.63705  89.7%     -    1s
H    0     0                    7308.0000000  752.63705  89.7%     -    1s
     0     0  757.81180    0  358 7308.00000  757.81180  89.6%     -    1s
     0     0  758.90796    0  341 7308.00000  758.90796  89.6%     -    1s
     0     0  759.40199    0  369 7308.00000  759.40199  89.6%     -    1s
     0     0  759.59632    0  371 7308.00000  759.59632  89.6%     -    1s
     0     0  759.76054    0  357 7308.00000  759.76054  89.6%     -    1s
     0     0  759.89584    0  368 7308.00000  759.89584  89.6%     -    1s
     0     0  759.91381    0  372 7308.00000  759.91381  89.6%     -    1s
H    0     0                    5978.0000000  759.91381  87.3%     -    1s
     0     0  763.21014    0  377 5978.00000  763.21014  87.2%     -    1s
     0     0  765.35579    0  387 5978.00000  765.35579  87.2%     -    1s
     0     0  766.75792    0  382 5978.00000  766.75792  87.2%     -    1s
     0     0  767.35575    0  377 5978.00000  767.35575  87.2%     -    1s
     0     0  767.46201    0  379 5978.00000  767.46201  87.2%     -    1s
     0     0  767.50260    0  374 5978.00000  767.50260  87.2%     -    1s
     0     0  769.52722    0  367 5978.00000  769.52722  87.1%     -    1s
     0     0  770.31983    0  373 5978.00000  770.31983  87.1%     -    1s
     0     0  771.42130    0  367 5978.00000  771.42130  87.1%     -    1s
     0     0  771.51276    0  372 5978.00000  771.51276  87.1%     -    1s
     0     0  774.47223    0  368 5978.00000  774.47223  87.0%     -    1s
     0     0  775.93865    0  369 5978.00000  775.93865  87.0%     -    1s
H    0     0                    5964.0000000  775.93865  87.0%     -    1s
H    0     0                    5929.0000000  775.93865  86.9%     -    1s
     0     0  776.56535    0  372 5929.00000  776.56535  86.9%     -    1s
H    0     0                    5918.0000000  776.56535  86.9%     -    1s
H    0     0                    5915.0000000  776.56535  86.9%     -    1s
     0     0  776.82911    0  363 5915.00000  776.82911  86.9%     -    1s
     0     0  776.84541    0  367 5915.00000  776.84541  86.9%     -    1s
     0     0  778.95297    0  369 5915.00000  778.95297  86.8%     -    2s
     0     0  780.47187    0  383 5915.00000  780.47187  86.8%     -    2s
     0     0  780.86489    0  363 5915.00000  780.86489  86.8%     -    2s
     0     0  780.99745    0  386 5915.00000  780.99745  86.8%     -    2s
     0     0  781.11779    0  373 5915.00000  781.11779  86.8%     -    2s
     0     0  781.15629    0  375 5915.00000  781.15629  86.8%     -    2s
     0     0  782.16236    0  370 5915.00000  782.16236  86.8%     -    2s
     0     0  782.90738    0  380 5915.00000  782.90738  86.8%     -    2s
     0     0  783.01785    0  373 5915.00000  783.01785  86.8%     -    2s
     0     0  783.99151    0  391 5915.00000  783.99151  86.7%     -    2s
     0     0  784.50186    0  395 5915.00000  784.50186  86.7%     -    2s
     0     0  784.60761    0  388 5915.00000  784.60761  86.7%     -    2s
H    0     0                    5282.0000000  784.60761  85.1%     -    2s
     0     0  785.84654    0  381 5282.00000  785.84654  85.1%     -    2s
     0     0  786.07340    0  382 5282.00000  786.07340  85.1%     -    2s
     0     0  786.17156    0  381 5282.00000  786.17156  85.1%     -    2s
     0     0  787.16117    0  377 5282.00000  787.16117  85.1%     -    2s
H    0     0                    5277.0000000  787.16117  85.1%     -    2s
     0     0  787.74207    0  371 5277.00000  787.74207  85.1%     -    2s
     0     0  787.93492    0  386 5277.00000  787.93492  85.1%     -    2s
     0     0  787.99813    0  384 5277.00000  787.99813  85.1%     -    2s
     0     0  788.81253    0  360 5277.00000  788.81253  85.1%     -    3s
     0     0  789.19448    0  380 5277.00000  789.19448  85.0%     -    3s
     0     0  789.40593    0  372 5277.00000  789.40593  85.0%     -    3s
     0     0  789.42327    0  370 5277.00000  789.42327  85.0%     -    3s
     0     0  790.04994    0  386 5277.00000  790.04994  85.0%     -    3s
H    0     0                    5275.0000000  790.04994  85.0%     -    3s
     0     0  790.29718    0  386 5275.00000  790.29718  85.0%     -    3s
     0     0  790.41758    0  396 5275.00000  790.41758  85.0%     -    3s
     0     0  791.03621    0  391 5275.00000  791.03621  85.0%     -    3s
     0     0  791.03621    0  391 5275.00000  791.03621  85.0%     -    3s
H    0     0                    5042.0000000  791.03621  84.3%     -    4s
     0     2  791.03621    0  391 5042.00000  791.03621  84.3%     -    5s

Gurobi 9.1.2 (mac64, C++) logging started Tue Oct  5 13:55:46 2021

Academic license - for non-commercial use only - expires 2022-09-29
Gurobi Optimizer version 9.1.2 build v9.1.2rc0 (mac64)
Thread count: 4 physical cores, 8 logical processors, using up to 8 threads
Optimize a model with 5599 rows, 3780 columns and 21756 nonzeros
Model fingerprint: 0x0f146cf1
Model has 60 quadratic constraints
Variable types: 0 continuous, 3780 integer (3660 binary)
Coefficient statistics:
  Matrix range     [1e+00, 1e+05]
  QMatrix range    [1e+00, 1e+00]
  QLMatrix range   [1e+00, 3e+01]
  Objective range  [1e+00, 1e+02]
  Bounds range     [1e+00, 1e+00]
  RHS range        [1e+00, 3e+05]
Presolve removed 2059 rows and 1950 columns
Presolve time: 0.03s
Presolved: 3540 rows, 1830 columns, 10620 nonzeros
Variable types: 0 continuous, 1830 integer (1770 binary)
Found heuristic solution: objective 19148.000000

Root relaxation: objective 4.498520e+02, 1572 iterations, 0.01 seconds

    Nodes    |    Current Node    |     Objective Bounds      |     Work
 Expl Unexpl |  Obj  Depth IntInf | Incumbent    BestBd   Gap | It/Node Time

     0     0  449.85200    0 1770 19148.0000  449.85200  97.7%     -    0s
H    0     0                    18772.000000  449.85200  97.6%     -    0s
H    0     0                    18764.000000  449.85200  97.6%     -    0s
H    0     0                    18650.000000  449.85200  97.6%     -    0s
     0     0 1192.06899    0 1105 18650.0000 1192.06899  93.6%     -    0s
H    0     0                    18583.000000 1192.06899  93.6%     -    2s
H    0     0                    18577.000000 1192.06899  93.6%     -    2s
H    0     0                    18374.000000 1192.06899  93.5%     -    2s
     0     0 1203.16693    0 1106 18374.0000 1203.16693  93.5%     -    2s
     0     0 1233.17624    0 1272 18374.0000 1233.17624  93.3%     -    2s
     0     0 1237.85485    0 1250 18374.0000 1237.85485  93.3%     -    2s
     0     0 1412.64971    0 1010 18374.0000 1412.64971  92.3%     -    2s
     0     0 1419.15503    0 1010 18374.0000 1419.15503  92.3%     -    2s
     0     0 1422.29828    0 1007 18374.0000 1422.29828  92.3%     -    2s
     0     0 1422.72284    0  978 18374.0000 1422.72284  92.3%     -    2s
     0     0 1422.88442    0  994 18374.0000 1422.88442  92.3%     -    2s
H    0     0                    18271.000000 1422.88442  92.2%     -    3s
     0     0 1507.52913    0  966 18271.0000 1507.52913  91.7%     -    3s
     0     0 1523.68209    0  924 18271.0000 1523.68209  91.7%     -    3s
     0     0 1524.23759    0  978 18271.0000 1524.23759  91.7%     -    3s
     0     0 1524.71547    0  947 18271.0000 1524.71547  91.7%     -    3s
     0     0 1524.77617    0  946 18271.0000 1524.77617  91.7%     -    3s
     0     0 1524.81075    0  976 18271.0000 1524.81075  91.7%     -    3s
     0     0 1524.81434    0  983 18271.0000 1524.81434  91.7%     -    3s
     0     0 1525.16627    0  933 18271.0000 1525.16627  91.7%     -    3s
     0     0 1525.19450    0  964 18271.0000 1525.19450  91.7%     -    3s
     0     0 1525.19624    0  984 18271.0000 1525.19624  91.7%     -    3s
     0     0 1525.19624    0  887 18271.0000 1525.19624  91.7%     -    3s
     0     2 1525.19624    0  884 18271.0000 1525.19624  91.7%     -    3s
H   30    34                    18243.000000 1527.28411  91.6%   517    4s
H   62    66                    18219.000000 1527.28411  91.6%   362    4s
H  123   125                    18165.000000 1527.28411  91.6%   234    4s
   602   621 5330.00000  137  171 18165.0000 1527.28411  91.6%  79.6    5s
H 1507  1510                    17898.000000 1527.28411  91.5%  38.2    6s
H 2648  2622                    17841.000000 1530.77977  91.4%  29.6    7s
H 2649  2622                    17840.000000 1530.77977  91.4%  29.6    7s
H 3287  3246                    17823.000000 1530.77977  91.4%  28.4    8s
  3292  3250 15530.0000  354 1059 17823.0000 1530.77977  91.4%  28.3   10s
  3325  3272 4754.00000   96  955 17823.0000 1608.52646  91.0%  28.1   15s
  3348  3287 6579.00000  141  899 17823.0000 1623.19126  90.9%  27.9   20s
H 3349  3122                    17729.000000 1624.55614  90.8%  27.9   22s
H 3353  2967                    17657.000000 1626.04619  90.8%  27.8   23s
H 3355  2819                    17610.000000 1627.72193  90.8%  27.8   24s
H 3356  2677                    17561.000000 1627.72193  90.7%  27.8   25s
H 3357  2543                    17512.000000 1631.06954  90.7%  27.8   25s
  3383  2560 17512.0000  445  942 17512.0000 1645.87182  90.6%  27.6   31s
H 3393  2437                    17482.000000 1653.75165  90.5%  27.5   34s

Gurobi 9.1.2 (mac64, C++) logging started Tue Oct  5 13:56:36 2021

Academic license - for non-commercial use only - expires 2022-09-29
Gurobi Optimizer version 9.1.2 build v9.1.2rc0 (mac64)
Thread count: 4 physical cores, 8 logical processors, using up to 8 threads
Optimize a model with 5599 rows, 3780 columns and 21756 nonzeros
Model fingerprint: 0x41e6ab6f
Model has 60 quadratic constraints
Variable types: 0 continuous, 3780 integer (3660 binary)
Coefficient statistics:
  Matrix range     [1e+00, 1e+05]
  QMatrix range    [1e+00, 1e+00]
  QLMatrix range   [1e+00, 3e+01]
  Objective range  [1e+00, 5e+01]
  Bounds range     [1e+00, 1e+00]
  RHS range        [1e+00, 3e+05]
Presolve removed 2059 rows and 1950 columns
Presolve time: 0.03s
Presolved: 3540 rows, 1830 columns, 10620 nonzeros
Variable types: 0 continuous, 1830 integer (1770 binary)
Found heuristic solution: objective 19148.000000

Root relaxation: objective 4.484260e+02, 1572 iterations, 0.01 seconds

    Nodes    |    Current Node    |     Objective Bounds      |     Work
 Expl Unexpl |  Obj  Depth IntInf | Incumbent    BestBd   Gap | It/Node Time

     0     0  448.42600    0 1770 19148.0000  448.42600  97.7%     -    0s
H    0     0                    18580.000000  448.42600  97.6%     -    0s
H    0     0                    18389.000000  448.42600  97.6%     -    0s
H    0     0                    18349.000000  448.42600  97.6%     -    0s
H    0     0                    17962.000000  639.36150  96.4%     -    1s
     0     0 1192.04171    0 1103 17962.0000 1192.04171  93.4%     -    1s
H    0     0                    17836.000000 1192.04171  93.3%     -    2s
H    0     0                    17593.000000 1192.04171  93.2%     -    2s
     0     0 1192.31599    0 1104 17593.0000 1192.31599  93.2%     -    2s
     0     0 1224.36932    0 1208 17593.0000 1224.36932  93.0%     -    2s
     0     0 1224.36932    0 1197 17593.0000 1224.36932  93.0%     -    2s
     0     0 1423.26066    0  953 17593.0000 1423.26066  91.9%     -    3s
     0     0 1440.04466    0  857 17593.0000 1440.04466  91.8%     -    3s
     0     0 1441.40060    0  889 17593.0000 1441.40060  91.8%     -    3s
     0     0 1441.83507    0  855 17593.0000 1441.83507  91.8%     -    3s
H    0     0                    17373.000000 1441.83507  91.7%     -    3s
     0     0 1441.87835    0  870 17373.0000 1441.87835  91.7%     -    3s
H    0     0                    17093.000000 1441.87835  91.6%     -    3s
H    0     0                    16955.000000 1441.87835  91.5%     -    3s
     0     0 1466.70485    0  848 16955.0000 1466.70485  91.3%     -    3s
H    0     0                    16719.000000 1466.70485  91.2%     -    3s
     0     0 1480.68556    0 1008 16719.0000 1480.68556  91.1%     -    3s
     0     0 1487.37689    0  925 16719.0000 1487.37689  91.1%     -    3s
     0     0 1490.11564    0  966 16719.0000 1490.11564  91.1%     -    3s
     0     0 1491.28884    0  893 16719.0000 1491.28884  91.1%     -    4s
     0     0 1491.33048    0  921 16719.0000 1491.33048  91.1%     -    4s
     0     0 1491.35656    0  989 16719.0000 1491.35656  91.1%     -    4s
     0     0 1491.35968    0  992 16719.0000 1491.35968  91.1%     -    4s
     0     0 1491.46084    0 1007 16719.0000 1491.46084  91.1%     -    4s
     0     0 1491.50891    0 1005 16719.0000 1491.50891  91.1%     -    4s
H    0     0                    16497.000000 1491.50891  91.0%     -   81s
H    0     0                    16183.000000 1491.50891  90.8%     -   81s
H    0     0                    16138.000000 1491.50891  90.8%     -   81s
H    0     0                    15857.000000 1491.50891  90.6%     -   81s
H    0     0                    15320.000000 1491.50891  90.3%     -   81s
H    0     0                    15083.000000 1491.50891  90.1%     -   81s
H    0     0                    14629.000000 1491.50891  89.8%     -   81s
H    0     0                    14478.000000 1491.50891  89.7%     -   81s
H    0     0                    13984.000000 1491.50891  89.3%     -   81s
H    0     0                    13975.000000 1491.50891  89.3%     -   81s
H    0     0                    13945.000000 1491.50891  89.3%     -   81s
H    0     0                    13936.000000 1491.50891  89.3%     -   81s
H    0     0                    13824.000000 1491.50891  89.2%     -   81s
H    0     0                    13705.000000 1491.50891  89.1%     -   81s
H    0     0                    13635.000000 1491.50891  89.1%     -   81s
H    0     0                    13592.000000 1491.50891  89.0%     -   81s
H    0     0                    13591.000000 1491.50891  89.0%     -   81s
H    0     0                    13589.000000 1491.50891  89.0%     -   81s
H    0     0                    13506.000000 1491.50891  89.0%     -   81s
     0     0 1491.55141    0 1130 13506.0000 1491.55141  89.0%     -   81s
     0     0 1491.55141    0  976 13506.0000 1491.55141  89.0%     -   82s
     0     2 1491.55141    0  976 13506.0000 1491.55141  89.0%     -   89s
     3     8 1499.86150    2  919 13506.0000 1494.78032  88.9%   684   90s
    63    68 1532.20549   15  787 13506.0000 1505.06178  88.9%   355   95s
H   65    68                    13490.000000 1505.06178  88.8%   344   95s
H  163   167                    13320.000000 1505.06178  88.7%   220   96s
H  238   241                    13229.000000 1505.06178  88.6%   172   97s
H  284   288                    13218.000000 1505.06178  88.6%   154   97s
H  285   288                    13179.000000 1505.06178  88.6%   153   97s
H  334   339                    13150.000000 1505.06178  88.6%   140   98s
H  340   343                    13122.000000 1505.06178  88.5%   139   99s
   391   396 3367.16920   74  387 13122.0000 1505.06178  88.5%   129  100s
H  392   396                    13117.000000 1505.06178  88.5%   129  100s
H  393   396                    13113.000000 1505.06178  88.5%   129  100s
H  456   461                    13057.000000 1505.06178  88.5%   118  101s
