
set job seq: 
E: [(), lb:0]
topush: [(1, ), lb:79]
topush: [(2, ), lb:87]
topush: [(3, ), lb:83]
topush: [(4, ), lb:74]

set job seq: 4, 
E: [(4, ), lb:74]
topush: [(4, 1, ), lb:74]
topush: [(4, 2, ), lb:75]
topush: [(4, 3, ), lb:75]

set job seq: 4, 1, 
E: [(4, 1, ), lb:74]
topush: [(4, 1, 2, ), lb:75]
topush: [(4, 1, 3, ), lb:77]

set job seq: 4, 1, 2, 
E: [(4, 1, 2, ), lb:75]
topush: [(4, 1, 2, 3, ), lb:75]

set job seq: 4, 1, 2, 3, 
E: [(4, 1, 2, 3, ), lb:75]


new complete seq starts.
set job seq: 4, 1, 2, 3, 
whole seq: i: 4, cum: 2, ans: 0
i: 7, cum: 8, ans: 8
i: 1, cum: 10, ans: 8
i: 2, cum: 14, ans: 8
i: 6, cum: 17, ans: 25
i: 3, cum: 20, ans: 25
i: 8, cum: 22, ans: 47
i: 5, cum: 27, ans: 74
i: 9, cum: 34, ans: 108

ans: 108.00, min: 1073741823.00
now min: 108.0
4, 7, 1, 2, 6, 3, 8, 5, 9, 


set job seq: 1, 
E: [(1, ), lb:79]
topush: [(1, 2, ), lb:87]
topush: [(1, 3, ), lb:84]
topush: [(1, 4, ), lb:83]

set job seq: 4, 3, 
E: [(4, 3, ), lb:75]
topush: [(4, 3, 1, ), lb:77]
topush: [(4, 3, 2, ), lb:82]

set job seq: 4, 1, 3, 
E: [(4, 1, 3, ), lb:77]
topush: [(4, 1, 3, 2, ), lb:77]

set job seq: 4, 1, 3, 2, 
E: [(4, 1, 3, 2, ), lb:77]


new complete seq starts.
set job seq: 4, 1, 3, 2, 
whole seq: i: 4, cum: 2, ans: 0
i: 7, cum: 8, ans: 8
i: 1, cum: 10, ans: 8
i: 3, cum: 13, ans: 8
i: 8, cum: 15, ans: 23
i: 2, cum: 19, ans: 23
i: 6, cum: 22, ans: 45
i: 5, cum: 27, ans: 72
i: 9, cum: 34, ans: 106

ans: 106.00, min: 108.00
now min: 106.0
4, 7, 1, 3, 8, 2, 6, 5, 9, 


set job seq: 3, 
E: [(3, ), lb:83]
topush: [(3, 1, ), lb:84]
topush: [(3, 2, ), lb:95]
topush: [(3, 4, ), lb:87]

set job seq: 4, 2, 
E: [(4, 2, ), lb:75]
topush: [(4, 2, 1, ), lb:75]
topush: [(4, 2, 3, ), lb:81]

set job seq: 4, 2, 1, 
E: [(4, 2, 1, ), lb:75]
topush: [(4, 2, 1, 3, ), lb:75]

set job seq: 4, 2, 1, 3, 
E: [(4, 2, 1, 3, ), lb:75]


new complete seq starts.
set job seq: 4, 2, 1, 3, 
whole seq: i: 4, cum: 2, ans: 0
i: 7, cum: 8, ans: 8
i: 2, cum: 12, ans: 8
i: 1, cum: 14, ans: 8
i: 6, cum: 17, ans: 25
i: 3, cum: 20, ans: 25
i: 8, cum: 22, ans: 47
i: 5, cum: 27, ans: 74
i: 9, cum: 34, ans: 108


set job seq: 2, 
E: [(2, ), lb:87]
topush: [(2, 1, ), lb:87]
topush: [(2, 3, ), lb:95]
topush: [(2, 4, ), lb:92]

set job seq: 1, 4, 
E: [(1, 4, ), lb:83]
topush: [(1, 4, 2, ), lb:85]
topush: [(1, 4, 3, ), lb:83]

set job seq: 4, 3, 1, 
E: [(4, 3, 1, ), lb:77]
topush: [(4, 3, 1, 2, ), lb:77]

set job seq: 4, 3, 1, 2, 
E: [(4, 3, 1, 2, ), lb:77]


new complete seq starts.
set job seq: 4, 3, 1, 2, 
whole seq: i: 4, cum: 2, ans: 0
i: 7, cum: 8, ans: 8
i: 3, cum: 11, ans: 8
i: 1, cum: 13, ans: 8
i: 8, cum: 15, ans: 23
i: 2, cum: 19, ans: 23
i: 6, cum: 22, ans: 45
i: 5, cum: 27, ans: 72
i: 9, cum: 34, ans: 106


set job seq: 1, 3, 
E: [(1, 3, ), lb:84]
topush: [(1, 3, 2, ), lb:89]
topush: [(1, 3, 4, ), lb:85]

set job seq: 4, 2, 3, 
E: [(4, 2, 3, ), lb:81]
topush: [(4, 2, 3, 1, ), lb:81]

set job seq: 4, 2, 3, 1, 
E: [(4, 2, 3, 1, ), lb:81]


new complete seq starts.
set job seq: 4, 2, 3, 1, 
whole seq: i: 4, cum: 2, ans: 0
i: 7, cum: 8, ans: 8
i: 2, cum: 12, ans: 8
i: 3, cum: 15, ans: 8
i: 1, cum: 17, ans: 8
i: 8, cum: 19, ans: 27
i: 6, cum: 22, ans: 49
i: 5, cum: 27, ans: 76
i: 9, cum: 34, ans: 110


set job seq: 3, 1, 
E: [(3, 1, ), lb:84]
topush: [(3, 1, 2, ), lb:89]
topush: [(3, 1, 4, ), lb:85]

set job seq: 4, 3, 2, 
E: [(4, 3, 2, ), lb:82]
topush: [(4, 3, 2, 1, ), lb:82]

set job seq: 4, 3, 2, 1, 
E: [(4, 3, 2, 1, ), lb:82]


new complete seq starts.
set job seq: 4, 3, 2, 1, 
whole seq: i: 4, cum: 2, ans: 0
i: 7, cum: 8, ans: 8
i: 3, cum: 11, ans: 8
i: 2, cum: 15, ans: 8
i: 1, cum: 17, ans: 8
i: 8, cum: 19, ans: 27
i: 6, cum: 22, ans: 49
i: 5, cum: 27, ans: 76
i: 9, cum: 34, ans: 110


set job seq: 2, 1, 
E: [(2, 1, ), lb:87]
topush: [(2, 1, 3, ), lb:87]
topush: [(2, 1, 4, ), lb:90]

set job seq: 1, 4, 3, 
E: [(1, 4, 3, ), lb:83]
topush: [(1, 4, 3, 2, ), lb:83]

set job seq: 1, 4, 3, 2, 
E: [(1, 4, 3, 2, ), lb:83]


new complete seq starts.
set job seq: 1, 4, 3, 2, 
whole seq: i: 1, cum: 2, ans: 0
i: 4, cum: 4, ans: 0
i: 3, cum: 7, ans: 0
i: 8, cum: 9, ans: 9
i: 2, cum: 13, ans: 9
i: 6, cum: 16, ans: 25
i: 5, cum: 21, ans: 46
i: 7, cum: 27, ans: 73
i: 9, cum: 34, ans: 107


set job seq: 3, 4, 
E: [(3, 4, ), lb:87]
topush: [(3, 4, 1, ), lb:87]
topush: [(3, 4, 2, ), lb:89]

set job seq: 3, 1, 4, 
E: [(3, 1, 4, ), lb:85]
topush: [(3, 1, 4, 2, ), lb:85]

set job seq: 3, 1, 4, 2, 
E: [(3, 1, 4, 2, ), lb:85]


new complete seq starts.
set job seq: 3, 1, 4, 2, 
whole seq: i: 3, cum: 3, ans: 0
i: 1, cum: 5, ans: 0
i: 8, cum: 7, ans: 7
i: 4, cum: 9, ans: 7
i: 7, cum: 15, ans: 22
i: 2, cum: 19, ans: 22
i: 6, cum: 22, ans: 44
i: 5, cum: 27, ans: 71
i: 9, cum: 34, ans: 105

ans: 105.00, min: 106.00
now min: 105.0
3, 1, 8, 4, 7, 2, 6, 5, 9, 


set job seq: 1, 2, 
E: [(1, 2, ), lb:87]
topush: [(1, 2, 3, ), lb:87]
topush: [(1, 2, 4, ), lb:90]

set job seq: 1, 4, 2, 
E: [(1, 4, 2, ), lb:85]
topush: [(1, 4, 2, 3, ), lb:85]

set job seq: 1, 4, 2, 3, 
E: [(1, 4, 2, 3, ), lb:85]


new complete seq starts.
set job seq: 1, 4, 2, 3, 
whole seq: i: 1, cum: 2, ans: 0
i: 4, cum: 4, ans: 0
i: 2, cum: 8, ans: 0
i: 6, cum: 11, ans: 11
i: 3, cum: 14, ans: 11
i: 8, cum: 16, ans: 27
i: 5, cum: 21, ans: 48
i: 7, cum: 27, ans: 75
i: 9, cum: 34, ans: 109


set job seq: 2, 4, 
E: [(2, 4, ), lb:92]
topush: [(2, 4, 1, ), lb:92]
topush: [(2, 4, 3, ), lb:94]

set job seq: 1, 3, 4, 
E: [(1, 3, 4, ), lb:85]
topush: [(1, 3, 4, 2, ), lb:85]

set job seq: 1, 3, 4, 2, 
E: [(1, 3, 4, 2, ), lb:85]


new complete seq starts.
set job seq: 1, 3, 4, 2, 
whole seq: i: 1, cum: 2, ans: 0
i: 3, cum: 5, ans: 0
i: 8, cum: 7, ans: 7
i: 4, cum: 9, ans: 7
i: 2, cum: 13, ans: 7
i: 6, cum: 16, ans: 23
i: 5, cum: 21, ans: 44
i: 7, cum: 27, ans: 71
i: 9, cum: 34, ans: 105


set job seq: 3, 2, 
E: [(3, 2, ), lb:95]
topush: [(3, 2, 1, ), lb:95]
topush: [(3, 2, 4, ), lb:96]

set job seq: 3, 4, 1, 
E: [(3, 4, 1, ), lb:87]
topush: [(3, 4, 1, 2, ), lb:87]

set job seq: 3, 4, 1, 2, 
E: [(3, 4, 1, 2, ), lb:87]


new complete seq starts.
set job seq: 3, 4, 1, 2, 
whole seq: i: 3, cum: 3, ans: 0
i: 4, cum: 5, ans: 0
i: 1, cum: 7, ans: 0
i: 8, cum: 9, ans: 9
i: 2, cum: 13, ans: 9
i: 6, cum: 16, ans: 25
i: 5, cum: 21, ans: 46
i: 7, cum: 27, ans: 73
i: 9, cum: 34, ans: 107


set job seq: 2, 3, 
E: [(2, 3, ), lb:95]
topush: [(2, 3, 1, ), lb:95]
topush: [(2, 3, 4, ), lb:96]

set job seq: 1, 2, 3, 
E: [(1, 2, 3, ), lb:87]
topush: [(1, 2, 3, 4, ), lb:87]

set job seq: 1, 2, 3, 4, 
E: [(1, 2, 3, 4, ), lb:87]


new complete seq starts.
set job seq: 1, 2, 3, 4, 
whole seq: i: 1, cum: 2, ans: 0
i: 2, cum: 6, ans: 0
i: 6, cum: 9, ans: 9
i: 3, cum: 12, ans: 9
i: 8, cum: 14, ans: 23
i: 5, cum: 19, ans: 42
i: 4, cum: 21, ans: 42
i: 7, cum: 27, ans: 69
i: 9, cum: 34, ans: 103

ans: 103.00, min: 105.00
now min: 103.0
1, 2, 6, 3, 8, 5, 4, 7, 9, 


set job seq: 2, 1, 3, 
E: [(2, 1, 3, ), lb:87]
topush: [(2, 1, 3, 4, ), lb:87]

set job seq: 2, 1, 3, 4, 
E: [(2, 1, 3, 4, ), lb:87]


new complete seq starts.
set job seq: 2, 1, 3, 4, 
whole seq: i: 2, cum: 4, ans: 0
i: 1, cum: 6, ans: 0
i: 6, cum: 9, ans: 9
i: 3, cum: 12, ans: 9
i: 8, cum: 14, ans: 23
i: 5, cum: 19, ans: 42
i: 4, cum: 21, ans: 42
i: 7, cum: 27, ans: 69
i: 9, cum: 34, ans: 103


set job seq: 3, 4, 2, 
E: [(3, 4, 2, ), lb:89]
topush: [(3, 4, 2, 1, ), lb:89]

set job seq: 3, 4, 2, 1, 
E: [(3, 4, 2, 1, ), lb:89]


new complete seq starts.
set job seq: 3, 4, 2, 1, 
whole seq: i: 3, cum: 3, ans: 0
i: 4, cum: 5, ans: 0
i: 2, cum: 9, ans: 0
i: 1, cum: 11, ans: 0
i: 8, cum: 13, ans: 13
i: 6, cum: 16, ans: 29
i: 5, cum: 21, ans: 50
i: 7, cum: 27, ans: 77
i: 9, cum: 34, ans: 111


set job seq: 1, 3, 2, 
E: [(1, 3, 2, ), lb:89]
topush: [(1, 3, 2, 4, ), lb:89]

set job seq: 1, 3, 2, 4, 
E: [(1, 3, 2, 4, ), lb:89]


new complete seq starts.
set job seq: 1, 3, 2, 4, 
whole seq: i: 1, cum: 2, ans: 0
i: 3, cum: 5, ans: 0
i: 8, cum: 7, ans: 7
i: 2, cum: 11, ans: 7
i: 6, cum: 14, ans: 21
i: 5, cum: 19, ans: 40
i: 4, cum: 21, ans: 40
i: 7, cum: 27, ans: 67
i: 9, cum: 34, ans: 101

ans: 101.00, min: 103.00
now min: 101.0
1, 3, 8, 2, 6, 5, 4, 7, 9, 


set job seq: 3, 1, 2, 
E: [(3, 1, 2, ), lb:89]
topush: [(3, 1, 2, 4, ), lb:89]

set job seq: 3, 1, 2, 4, 
E: [(3, 1, 2, 4, ), lb:89]


new complete seq starts.
set job seq: 3, 1, 2, 4, 
whole seq: i: 3, cum: 3, ans: 0
i: 1, cum: 5, ans: 0
i: 8, cum: 7, ans: 7
i: 2, cum: 11, ans: 7
i: 6, cum: 14, ans: 21
i: 5, cum: 19, ans: 40
i: 4, cum: 21, ans: 40
i: 7, cum: 27, ans: 67
i: 9, cum: 34, ans: 101


set job seq: 2, 1, 4, 
E: [(2, 1, 4, ), lb:90]
topush: [(2, 1, 4, 3, ), lb:90]

set job seq: 2, 1, 4, 3, 
E: [(2, 1, 4, 3, ), lb:90]


new complete seq starts.
set job seq: 2, 1, 4, 3, 
whole seq: i: 2, cum: 4, ans: 0
i: 1, cum: 6, ans: 0
i: 6, cum: 9, ans: 9
i: 4, cum: 11, ans: 9
i: 3, cum: 14, ans: 9
i: 8, cum: 16, ans: 25
i: 5, cum: 21, ans: 46
i: 7, cum: 27, ans: 73
i: 9, cum: 34, ans: 107


set job seq: 1, 2, 4, 
E: [(1, 2, 4, ), lb:90]
topush: [(1, 2, 4, 3, ), lb:90]

set job seq: 1, 2, 4, 3, 
E: [(1, 2, 4, 3, ), lb:90]


new complete seq starts.
set job seq: 1, 2, 4, 3, 
whole seq: i: 1, cum: 2, ans: 0
i: 2, cum: 6, ans: 0
i: 6, cum: 9, ans: 9
i: 4, cum: 11, ans: 9
i: 3, cum: 14, ans: 9
i: 8, cum: 16, ans: 25
i: 5, cum: 21, ans: 46
i: 7, cum: 27, ans: 73
i: 9, cum: 34, ans: 107


set job seq: 2, 4, 1, 
E: [(2, 4, 1, ), lb:92]
topush: [(2, 4, 1, 3, ), lb:92]

set job seq: 2, 4, 1, 3, 
E: [(2, 4, 1, 3, ), lb:92]


new complete seq starts.
set job seq: 2, 4, 1, 3, 
whole seq: i: 2, cum: 4, ans: 0
i: 4, cum: 6, ans: 0
i: 1, cum: 8, ans: 0
i: 6, cum: 11, ans: 11
i: 3, cum: 14, ans: 11
i: 8, cum: 16, ans: 27
i: 5, cum: 21, ans: 48
i: 7, cum: 27, ans: 75
i: 9, cum: 34, ans: 109


set job seq: 2, 4, 3, 
E: [(2, 4, 3, ), lb:94]
topush: [(2, 4, 3, 1, ), lb:94]

set job seq: 2, 4, 3, 1, 
E: [(2, 4, 3, 1, ), lb:94]


new complete seq starts.
set job seq: 2, 4, 3, 1, 
whole seq: i: 2, cum: 4, ans: 0
i: 4, cum: 6, ans: 0
i: 3, cum: 9, ans: 0
i: 1, cum: 11, ans: 0
i: 8, cum: 13, ans: 13
i: 6, cum: 16, ans: 29
i: 5, cum: 21, ans: 50
i: 7, cum: 27, ans: 77
i: 9, cum: 34, ans: 111


set job seq: 3, 2, 1, 
E: [(3, 2, 1, ), lb:95]
topush: [(3, 2, 1, 4, ), lb:95]

set job seq: 3, 2, 1, 4, 
E: [(3, 2, 1, 4, ), lb:95]


new complete seq starts.
set job seq: 3, 2, 1, 4, 
whole seq: i: 3, cum: 3, ans: 0
i: 2, cum: 7, ans: 0
i: 1, cum: 9, ans: 0
i: 8, cum: 11, ans: 11
i: 6, cum: 14, ans: 25
i: 5, cum: 19, ans: 44
i: 4, cum: 21, ans: 44
i: 7, cum: 27, ans: 71
i: 9, cum: 34, ans: 105


set job seq: 2, 3, 1, 
E: [(2, 3, 1, ), lb:95]
topush: [(2, 3, 1, 4, ), lb:95]

set job seq: 2, 3, 1, 4, 
E: [(2, 3, 1, 4, ), lb:95]


new complete seq starts.
set job seq: 2, 3, 1, 4, 
whole seq: i: 2, cum: 4, ans: 0
i: 3, cum: 7, ans: 0
i: 1, cum: 9, ans: 0
i: 8, cum: 11, ans: 11
i: 6, cum: 14, ans: 25
i: 5, cum: 19, ans: 44
i: 4, cum: 21, ans: 44
i: 7, cum: 27, ans: 71
i: 9, cum: 34, ans: 105


set job seq: 2, 3, 4, 
E: [(2, 3, 4, ), lb:96]
topush: [(2, 3, 4, 1, ), lb:96]

set job seq: 2, 3, 4, 1, 
E: [(2, 3, 4, 1, ), lb:96]


new complete seq starts.
set job seq: 2, 3, 4, 1, 
whole seq: i: 2, cum: 4, ans: 0
i: 3, cum: 7, ans: 0
i: 5, cum: 12, ans: 12
i: 4, cum: 14, ans: 12
i: 1, cum: 16, ans: 12
i: 8, cum: 18, ans: 30
i: 6, cum: 21, ans: 51
i: 7, cum: 27, ans: 78
i: 9, cum: 34, ans: 112


set job seq: 3, 2, 4, 
E: [(3, 2, 4, ), lb:96]
topush: [(3, 2, 4, 1, ), lb:96]

set job seq: 3, 2, 4, 1, 
E: [(3, 2, 4, 1, ), lb:96]


new complete seq starts.
set job seq: 3, 2, 4, 1, 
whole seq: i: 3, cum: 3, ans: 0
i: 2, cum: 7, ans: 0
i: 5, cum: 12, ans: 12
i: 4, cum: 14, ans: 12
i: 1, cum: 16, ans: 12
i: 8, cum: 18, ans: 30
i: 6, cum: 21, ans: 51
i: 7, cum: 27, ans: 78
i: 9, cum: 34, ans: 112

optimal seq:1, 3, 8, 2, 6, 5, 4, 7, 9, 
min obj: 101.0
1, 3, 8, 2, 6, 5, 4, 7, 9, 
